make all --print-data-base --no-builtin-variables --no-builtin-rules --question
# GNU Make 3.81
# Copyright (C) 2006  Free Software Foundation, Inc.
# This is free software; see the source for copying conditions.
# There is NO warranty; not even for MERCHANTABILITY or FITNESS FOR A
# PARTICULAR PURPOSE.

# This program built for i386-apple-darwin11.3.0
 

# Make data base, printed on Fri Aug  5 15:42:26 2022

# Variables

# automatic
<D = $(patsubst %/,%,$(dir $<))
# automatic
?F = $(notdir $?)
# automatic
?D = $(patsubst %/,%,$(dir $?))
# automatic
@D = $(patsubst %/,%,$(dir $@))
# automatic
@F = $(notdir $@)
# makefile
CURDIR := /Users/mkaruvan/Documents/cub3D
# makefile
SHELL = /bin/sh
# environment
VSCODE_NLS_CONFIG = {"locale":"en-us","availableLanguages":{},"_languagePackSupport":true}
# environment
_ = /usr/bin/make
# makefile (from `Makefile', line 33)
CFLAGS = -g3 -Wall -Werror -Wextra -Ofast 
# makefile (from `Makefile', line 1)
MAKEFILE_LIST :=  Makefile
# makefile (from `Makefile', line 29)
OBJS = $(addprefix $(SRC_DIR)/, $(SRCS:%c=%o))
# environment
VSCODE_CWD = /
# environment
PATH = /usr/local/bin:/usr/bin:/bin:/usr/sbin:/sbin:/usr/local/munki:/Users/mkaruvan/Desktop/42-ValgrindContainer:/Users/mkaruvan/goinfre/flutter/bin
# environment
ELECTRON_RUN_AS_NODE = 1
# default
.FEATURES := target-specific order-only second-expansion else-if archives jobserver check-symlink
# environment
SSH_AUTH_SOCK = /private/tmp/com.apple.launchd.k7tAqhvyrO/Listeners
# automatic
%F = $(notdir $%)
# environment
PWD = /Users/mkaruvan/Documents/cub3D
# environment
ORIGINAL_XDG_CURRENT_DESKTOP = undefined
# makefile (from `Makefile', line 19)
INC_DIR = includes
# environment
VSCODE_AMD_ENTRYPOINT = vs/workbench/api/node/extensionHostProcess
# environment
HOME = /Users/mkaruvan
# default
MAKEFILEPATH = $(shell /usr/bin/xcode-select -print-path 2>/dev/null || echo /Developer)/Makefiles
# environment
VSCODE_CODE_CACHE_PATH = /Users/mkaruvan/Library/Application Support/Code/CachedData/3b889b090b5ad5793f524b5d1d39fda662b96a2a
# environment
LOGNAME = mkaruvan
# environment
APPLICATION_INSIGHTS_NO_DIAGNOSTIC_CHANNEL = 1
# environment
VSCODE_HANDLES_UNCAUGHT_ERRORS = true
# automatic
^D = $(patsubst %/,%,$(dir $^))
# environment
XPC_FLAGS = 0x0
# default
MAKE = $(MAKE_COMMAND)
# default
MAKECMDGOALS := all
# makefile (from `Makefile', line 21)
SRCS = cub3d.c main.c
# environment
SHLVL = 1
# makefile (from `Makefile', line 31)
CC = gcc
# default
MAKE_VERSION := 3.81
# environment
USER = mkaruvan
# makefile
.DEFAULT_GOAL := cub3d
# makefile (from `Makefile', line 13)
NAME = cub3d
# makefile (from `Makefile', line 15)
LIBX_DIR = minilibx
# automatic
%D = $(patsubst %/,%,$(dir $%))
# default
MAKE_COMMAND := /Library/Developer/CommandLineTools/usr/bin/make
# default
.VARIABLES := 
# environment
TMPDIR = /var/folders/zz/zyxvpxvq6csfxvn_n000ccbr00332y/T/
# automatic
*F = $(notdir $*)
# environment
VSCODE_IPC_HOOK = /Users/mkaruvan/Library/Application Support/Code/1.69.2-main.sock
# environment
MallocNanoZone = 0
# makefile
MAKEFLAGS = Rrqp
# environment
MFLAGS = -Rrqp
# automatic
*D = $(patsubst %/,%,$(dir $*))
# environment
XPC_SERVICE_NAME = com.microsoft.VSCode.2464
# automatic
+D = $(patsubst %/,%,$(dir $+))
# automatic
+F = $(notdir $+)
# environment
__CF_USER_TEXT_ENCODING = 0x18C5E:0x0:0x0
# default
MAKEFILES := 
# makefile (from `Makefile', line 23)
SRC_DIR = srcs
# automatic
<F = $(notdir $<)
# makefile (from `Makefile', line 25)
FRAMEWORK = -L $(LIBX_DIR) -lmlx -framework OpenGL -framework AppKit
# environment
LC_ALL = C
# makefile (from `Makefile', line 17)
LIBX = libmlx.a
# automatic
^F = $(notdir $^)
# default
SUFFIXES := 
# default
.INCLUDE_DIRS = /usr/local/include
# environment
MAKELEVEL := 0
# makefile (from `Makefile', line 27)
SUBDIRS = libft ft_printf
# environment
LANG = C
# environment
VSCODE_PID = 40592
# variable set hash-table stats:
# Load=67/1024=7%, Rehash=0, Collisions=3/103=3%

# Pattern-specific Variable Values

# No pattern-specific variable values.

# Directories

# . (device 16777225, inode 4434275): 17 files, no impossibilities.
# srcs (device 16777225, inode 4643591): 5 files, no impossibilities so far.

# 22 files, no impossibilities in 2 directories.

# Implicit Rules

srcs/%.o: srcs/%.c
#  commands to execute (from `Makefile', line 36):
	for dir in $(SUBDIRS); do \
	$(MAKE) all -C $$dir; \
	done
	$(CC) $(CFLAGS)  -Ilibft -Ift_printf -I $(INC_DIR) -c $^ -o $@
	

# 1 implicit rules, 0 (0.0%) terminal.

# Files

# Not a target:
srcs/cub3d.c:
#  Implicit rule search has been done.
#  Last modified 2022-08-05 14:55:26
#  File has been updated.
#  Successfully updated.
# variable set hash-table stats:
# Load=0/32=0%, Rehash=0, Collisions=0/0=0%

all: cub3d
#  Phony target (prerequisite of .PHONY).
#  Command-line target.
#  Implicit rule search has not been done.
#  File does not exist.
#  File has been updated.
#  Needs to be updated (-q is set).
# variable set hash-table stats:
# Load=0/32=0%, Rehash=0, Collisions=0/3=0%

.PHONY: clean fclean all re
#  Implicit rule search has not been done.
#  Modification time never checked.
#  File has not been updated.

cub3d: srcs/cub3d.o srcs/main.o libmlx.a
#  Implicit rule search has not been done.
#  Last modified 2022-08-05 15:42:14
#  File has been updated.
#  Needs to be updated (-q is set).
# variable set hash-table stats:
# Load=0/32=0%, Rehash=0, Collisions=0/3=0%
#  commands to execute (from `Makefile', line 42):
	for dir in $(SUBDIRS); do \
	$(MAKE) all -C $$dir; \
	done
	$(CC) $(CFLAGS) -Lft_printf -lftprintf -Llibft -lft $(OBJS) $(FRAMEWORK) -o $(NAME)
	

# Not a target:
.SUFFIXES:
#  Implicit rule search has not been done.
#  Modification time never checked.
#  File has not been updated.

# Not a target:
Makefile:
#  Implicit rule search has been done.
#  Last modified 2022-08-05 15:42:23
#  File has been updated.
#  Successfully updated.
# variable set hash-table stats:
# Load=0/32=0%, Rehash=0, Collisions=0/0=0%

# Not a target:
srcs/main.c:
#  Implicit rule search has been done.
#  Last modified 2022-08-05 14:51:08
#  File has been updated.
#  Successfully updated.
# variable set hash-table stats:
# Load=0/32=0%, Rehash=0, Collisions=0/0=0%

fclean: clean
#  Phony target (prerequisite of .PHONY).
#  Implicit rule search has not been done.
#  File does not exist.
#  File has not been updated.
#  commands to execute (from `Makefile', line 60):
	for dir in $(SUBDIRS); do \
	$(MAKE) fclean -C $$dir; \
	done
	rm -f $(NAME)
	

# Not a target:
.DEFAULT:
#  Implicit rule search has not been done.
#  Modification time never checked.
#  File has not been updated.

libmlx.a:
#  Implicit rule search has not been done.
#  Implicit/static pattern stem: `'
#  File does not exist.
#  File has been updated.
#  Needs to be updated (-q is set).
# automatic
# @ := libmlx.a
# automatic
# % := 
# automatic
# * := 
# automatic
# + := 
# automatic
# | := 
# automatic
# < := 
# automatic
# ^ := 
# automatic
# ? := 
# variable set hash-table stats:
# Load=8/32=25%, Rehash=0, Collisions=2/11=18%
#  commands to execute (from `Makefile', line 48):
	make -C $(LIBX_DIR)
	

re: fclean all
#  Phony target (prerequisite of .PHONY).
#  Implicit rule search has not been done.
#  File does not exist.
#  File has not been updated.

clean:
#  Phony target (prerequisite of .PHONY).
#  Implicit rule search has not been done.
#  File does not exist.
#  File has not been updated.
#  commands to execute (from `Makefile', line 53):
	for dir in $(SUBDIRS); do \
	$(MAKE) clean -C $$dir; \
	done
	make -C $(LIBX_DIR) clean
	rm -f $(SRC_DIR)/*.o
	

srcs/cub3d.o: srcs/cub3d.c
#  Implicit rule search has been done.
#  Implicit/static pattern stem: `cub3d'
#  Last modified 2022-08-05 15:42:11
#  File has been updated.
#  Successfully updated.
# variable set hash-table stats:
# Load=0/32=0%, Rehash=0, Collisions=0/0=0%
#  commands to execute (from `Makefile', line 36):
	for dir in $(SUBDIRS); do \
	$(MAKE) all -C $$dir; \
	done
	$(CC) $(CFLAGS)  -Ilibft -Ift_printf -I $(INC_DIR) -c $^ -o $@
	

srcs/main.o: srcs/main.c
#  Implicit rule search has been done.
#  Implicit/static pattern stem: `main'
#  Last modified 2022-08-05 15:42:11
#  File has been updated.
#  Successfully updated.
# variable set hash-table stats:
# Load=0/32=0%, Rehash=0, Collisions=0/0=0%
#  commands to execute (from `Makefile', line 36):
	for dir in $(SUBDIRS); do \
	$(MAKE) all -C $$dir; \
	done
	$(CC) $(CFLAGS)  -Ilibft -Ift_printf -I $(INC_DIR) -c $^ -o $@
	

# files hash-table stats:
 
# Load=14/1024=1%, Rehash=0, Collisions=0/45=0%
# VPATH Search Paths

# No `vpath' search paths.

# No general (`VPATH' variable) search path.

# # of strings in strcache: 1
# # of strcache buffers: 1
# strcache size: total = 4096 / max = 4096 / min = 4096 / avg = 4096
# strcache free: total = 4087 / max = 4087 / min = 4087 / avg = 4087

# Finished Make data base on Fri Aug  5 15:42:26 2022

 
